<?xml version="1.0" encoding="UTF-8"?>
<!-- Generated by org.testng.reporters.JUnitReportReporter -->
<testsuite hostname="MAVENTUS6" failures="0" tests="1" name="TestCases.Amazonpoc" time="31.529" errors="0" timestamp="29 Oct 2018 13:14:25 GMT" skipped="0">
  <testcase classname="TestCases.Amazonpoc" name="amezonoprations" time="31.529"/>
</testsuite> <!-- TestCases.Amazonpoc -->
