<?xml version="1.0" encoding="UTF-8"?>
<!-- Generated by org.testng.reporters.JUnitReportReporter -->
<testsuite hostname="MAVENTUS6" failures="0" tests="1" name="TestCases.FreeUserLogin" time="30.827" errors="0" timestamp="10 Jan 2019 10:29:18 GMT" skipped="0">
  <testcase classname="TestCases.FreeUserLogin" name="freeuser" time="30.827"/>
</testsuite> <!-- TestCases.FreeUserLogin -->
