<?xml version="1.0" encoding="UTF-8"?>
<!-- Generated by org.testng.reporters.JUnitReportReporter -->
<testsuite hostname="MAVENTUS6" failures="0" tests="3" name="Mavsocialpack.BrowserAlert" time="33.558" errors="0" timestamp="10 Sep 2018 13:56:04 GMT" skipped="0">
  <testcase classname="Mavsocialpack.BrowserAlert" name="loginIE" time="2.676"/>
  <testcase classname="Mavsocialpack.BrowserAlert" name="loginchrome" time="4.500"/>
  <testcase classname="Mavsocialpack.BrowserAlert" name="loginfirefox" time="26.382"/>
</testsuite> <!-- Mavsocialpack.BrowserAlert -->
