<?xml version="1.0" encoding="UTF-8"?>
<!-- Generated by org.testng.reporters.JUnitReportReporter -->
<testsuite hostname="MAVENTUS6" failures="0" tests="5" name="Mavsocialpack.Login_scenarios" time="127.654" errors="0" timestamp="10 Sep 2018 09:57:21 GMT" skipped="0">
  <testcase classname="Mavsocialpack.Login_scenarios" name="login" time="26.913"/>
  <testcase classname="Mavsocialpack.Login_scenarios" name="logininvalidmail" time="26.803"/>
  <testcase classname="Mavsocialpack.Login_scenarios" name="logininvalidpassword" time="26.859"/>
  <testcase classname="Mavsocialpack.Login_scenarios" name="logininvalidmailandpassword" time="23.134"/>
  <testcase classname="Mavsocialpack.Login_scenarios" name="loginblankmailandpassword" time="23.945"/>
</testsuite> <!-- Mavsocialpack.Login_scenarios -->
