<?xml version="1.0" encoding="UTF-8"?>
<!-- Generated by org.testng.reporters.JUnitReportReporter -->
<testsuite hostname="MAVENTUS6" failures="0" tests="1" name="Mavsocialpack.Demo" time="50.335" errors="0" timestamp="19 Sep 2018 10:36:20 GMT" skipped="0">
  <testcase classname="Mavsocialpack.Demo" name="freetoadvanceusertrail" time="50.335"/>
</testsuite> <!-- Mavsocialpack.Demo -->
