<?xml version="1.0" encoding="UTF-8"?>
<!-- Generated by org.testng.reporters.JUnitReportReporter -->
<testsuite hostname="MAVENTUS6" failures="0" tests="1" name="Mavsocialpack.SendMail" time="43.890" errors="0" timestamp="19 Sep 2018 10:22:57 GMT" skipped="0">
  <testcase classname="Mavsocialpack.SendMail" name="SendAttachment" time="43.890"/>
</testsuite> <!-- Mavsocialpack.SendMail -->
