<?xml version="1.0" encoding="UTF-8"?>
<!-- Generated by org.testng.reporters.JUnitReportReporter -->
<testsuite hostname="MAVENTUS6" failures="0" tests="1" name="Mavsocialpack.Advtrailusertoadvmonthly" time="88.525" errors="0" timestamp="20 Sep 2018 11:15:53 GMT" skipped="0">
  <testcase classname="Mavsocialpack.Advtrailusertoadvmonthly" name="advtrailusertoadvmonthly" time="88.525"/>
</testsuite> <!-- Mavsocialpack.Advtrailusertoadvmonthly -->
