<?xml version="1.0" encoding="UTF-8"?>
<!-- Generated by org.testng.reporters.JUnitReportReporter -->
<testsuite hostname="MAVENTUS6" failures="0" tests="1" name="Mavsocialpack.AdvmonthlyusertoAdvannual" time="73.841" errors="0" timestamp="20 Sep 2018 12:57:28 GMT" skipped="0">
  <testcase classname="Mavsocialpack.AdvmonthlyusertoAdvannual" name="advmonthlytoadvannual" time="73.841"/>
</testsuite> <!-- Mavsocialpack.AdvmonthlyusertoAdvannual -->
