<?xml version="1.0" encoding="UTF-8"?>
<!-- Generated by org.testng.reporters.JUnitReportReporter -->
<testsuite hostname="MAVENTUS6" failures="0" tests="1" name="Mavsocialpack.AdvannualtoPromonthly" time="79.640" errors="0" timestamp="20 Sep 2018 13:48:53 GMT" skipped="0">
  <testcase classname="Mavsocialpack.AdvannualtoPromonthly" name="advannualtoPromonthly" time="79.640"/>
</testsuite> <!-- Mavsocialpack.AdvannualtoPromonthly -->
