<?xml version="1.0" encoding="UTF-8"?>
<!-- Generated by org.testng.reporters.JUnitReportReporter -->
<testsuite hostname="MAVENTUS6" failures="0" tests="1" name="Mavsocialpack.Promonthlyusertoproannual" time="65.292" errors="0" timestamp="20 Sep 2018 13:53:54 GMT" skipped="0">
  <testcase classname="Mavsocialpack.Promonthlyusertoproannual" name="Promonthlyusertoproannual" time="65.292"/>
</testsuite> <!-- Mavsocialpack.Promonthlyusertoproannual -->
