<?xml version="1.0" encoding="UTF-8"?>
<!-- Generated by org.testng.reporters.JUnitReportReporter -->
<testsuite hostname="MAVENTUS6" failures="0" tests="2" name="Mavsocialpack.FreeusertoProuser" time="135.771" errors="0" timestamp="19 Sep 2018 13:35:28 GMT" skipped="0">
  <testcase classname="Mavsocialpack.FreeusertoProuser" name="proTrailtoPromonthly" time="72.972"/>
  <testcase classname="Mavsocialpack.FreeusertoProuser" name="PromonthlytoProannual" time="62.799"/>
</testsuite> <!-- Mavsocialpack.FreeusertoProuser -->
