<?xml version="1.0" encoding="UTF-8"?>
<!-- Generated by org.testng.reporters.JUnitReportReporter -->
<testsuite hostname="MAVENTUS6" failures="0" tests="3" name="Mavsocialpack.FreeUserToAdvance" time="174.703" errors="0" timestamp="20 Sep 2018 08:58:15 GMT" skipped="0">
  <testcase classname="Mavsocialpack.FreeUserToAdvance" name="freetoadvanceusertrail" time="37.084"/>
  <testcase classname="Mavsocialpack.FreeUserToAdvance" name="trailusertoadvanceuserMonthly" time="73.737"/>
  <testcase classname="Mavsocialpack.FreeUserToAdvance" name="advusermonthlytoanuual" time="63.882"/>
</testsuite> <!-- Mavsocialpack.FreeUserToAdvance -->
